mode: atomic
noso/internal/audit/logger.go:17.36,19.2 1 2
noso/internal/audit/logger.go:21.70,22.18 1 2
noso/internal/audit/logger.go:22.18,24.3 1 1
noso/internal/audit/logger.go:27.2,28.48 2 1
noso/internal/audit/logger.go:28.48,30.3 1 0
noso/internal/audit/logger.go:32.2,32.45 1 1
noso/internal/audit/logger.go:32.45,34.3 1 0
noso/internal/audit/logger.go:37.2,38.16 2 1
noso/internal/audit/logger.go:38.16,40.3 1 0
noso/internal/audit/logger.go:41.2,44.68 2 1
noso/internal/audit/logger.go:44.68,46.3 1 0
noso/internal/audit/logger.go:47.2,54.42 3 1
noso/internal/audit/reader.go:13.57,14.16 1 3
noso/internal/audit/reader.go:14.16,16.3 1 0
noso/internal/audit/reader.go:18.2,19.16 2 3
noso/internal/audit/reader.go:19.16,20.37 1 0
noso/internal/audit/reader.go:20.37,22.4 1 0
noso/internal/audit/reader.go:23.3,23.18 1 0
noso/internal/audit/reader.go:25.2,29.21 4 3
noso/internal/audit/reader.go:29.21,31.17 2 6
noso/internal/audit/reader.go:31.17,32.12 1 0
noso/internal/audit/reader.go:34.3,35.63 2 6
noso/internal/audit/reader.go:35.63,39.12 1 1
noso/internal/audit/reader.go:41.3,41.36 1 5
noso/internal/audit/reader.go:43.2,43.38 1 3
noso/internal/audit/reader.go:43.38,45.3 1 0
noso/internal/audit/reader.go:46.2,46.21 1 3
noso/internal/audit/reader.go:49.89,52.41 3 2
noso/internal/audit/reader.go:52.41,54.18 2 3
noso/internal/audit/reader.go:54.18,56.38 2 1
noso/internal/audit/reader.go:56.38,57.13 1 0
noso/internal/audit/reader.go:60.3,61.42 2 3
noso/internal/audit/reader.go:61.42,62.9 1 1
noso/internal/audit/reader.go:65.2,65.17 1 2
noso/internal/config/config.go:22.34,23.25 1 6
noso/internal/config/config.go:23.25,25.3 1 2
noso/internal/config/config.go:26.2,26.12 1 4
noso/internal/config/config.go:29.29,32.50 2 3
noso/internal/config/config.go:32.50,33.53 1 3
noso/internal/config/config.go:33.53,34.53 1 1
noso/internal/config/config.go:34.53,36.5 1 0
noso/internal/config/config.go:37.9,37.45 1 2
noso/internal/config/config.go:37.45,39.4 1 0
noso/internal/config/config.go:42.2,42.42 1 3
noso/internal/config/config.go:42.42,44.3 1 2
noso/internal/config/config.go:45.2,45.52 1 3
noso/internal/config/config.go:45.52,47.3 1 1
noso/internal/config/config.go:49.2,49.39 1 3
noso/internal/config/config.go:49.39,51.3 1 1
noso/internal/config/config.go:53.2,53.17 1 2
noso/internal/config/config.go:56.29,61.2 1 3
noso/internal/config/config.go:63.35,65.63 2 5
noso/internal/config/config.go:65.63,67.3 1 1
noso/internal/config/config.go:68.2,68.61 1 5
noso/internal/config/config.go:68.61,70.3 1 5
noso/internal/config/config.go:71.2,73.39 2 5
noso/internal/config/config.go:73.39,74.33 1 6
noso/internal/config/config.go:74.33,76.4 1 5
noso/internal/config/config.go:79.2,79.57 1 0
noso/internal/config/config.go:82.40,86.48 2 7
noso/internal/config/config.go:86.48,88.3 1 1
noso/internal/config/config.go:90.2,91.16 2 6
noso/internal/config/config.go:91.16,93.3 1 0
noso/internal/config/config.go:94.2,97.13 4 6
noso/internal/config/config.go:100.30,101.44 1 3
noso/internal/config/config.go:101.44,103.3 1 3
noso/internal/config/config.go:104.2,104.48 1 0
noso/internal/config/config.go:104.48,106.3 1 0
noso/internal/config/config.go:107.2,108.30 2 0
noso/internal/config/config.go:108.30,110.3 1 0
noso/internal/config/config.go:111.2,111.62 1 0
noso/internal/doctor/check.go:14.71,25.20 3 8
noso/internal/doctor/check.go:26.50,26.50 0 6
noso/internal/doctor/check.go:28.10,32.19 1 1
noso/internal/doctor/check.go:32.19,34.4 1 1
noso/internal/doctor/check.go:35.10,36.149 1 1
noso/internal/doctor/check.go:38.2,38.28 1 8
noso/internal/doctor/check.go:38.28,40.3 1 0
noso/internal/doctor/check.go:40.8,40.54 1 8
noso/internal/doctor/check.go:40.54,42.3 1 0
noso/internal/doctor/check.go:44.2,45.36 2 8
noso/internal/doctor/check.go:45.36,46.33 1 40
noso/internal/doctor/check.go:46.33,48.4 1 1
noso/internal/doctor/check.go:50.2,50.26 1 8
noso/internal/doctor/check.go:50.26,52.3 1 1
noso/internal/doctor/check.go:54.2,57.17 4 8
noso/internal/doctor/check.go:60.83,62.9 2 8
noso/internal/doctor/check.go:63.52,64.108 1 0
noso/internal/doctor/check.go:65.19,66.45 1 2
noso/internal/doctor/check.go:67.10,68.67 1 6
noso/internal/doctor/check.go:70.2,70.28 1 8
noso/internal/doctor/check.go:70.28,72.3 1 8
noso/internal/doctor/check.go:73.2,73.24 1 8
noso/internal/doctor/check.go:73.24,75.3 1 5
noso/internal/doctor/check.go:76.2,76.109 1 3
noso/internal/doctor/check.go:79.63,81.35 2 8
noso/internal/doctor/check.go:81.35,82.10 1 3
noso/internal/doctor/check.go:84.65,85.119 1 2
noso/internal/doctor/check.go:86.52,87.106 1 0
noso/internal/doctor/check.go:88.59,89.108 1 1
noso/internal/doctor/check.go:92.2,92.47 1 8
noso/internal/doctor/check.go:92.47,94.3 1 5
noso/internal/doctor/check.go:95.2,95.22 1 8
noso/internal/doctor/check.go:98.39,100.31 2 8
noso/internal/doctor/check.go:100.31,102.32 2 8
noso/internal/doctor/check.go:102.32,103.25 1 0
noso/internal/doctor/check.go:103.25,105.10 2 0
noso/internal/doctor/check.go:108.3,108.12 1 8
noso/internal/doctor/check.go:108.12,110.4 1 8
noso/internal/doctor/check.go:112.2,112.12 1 8
noso/internal/explain/command.go:12.83,26.29 5 12
noso/internal/explain/command.go:26.29,28.3 1 3
noso/internal/explain/command.go:29.2,29.30 1 12
noso/internal/explain/command.go:29.30,31.3 1 9
noso/internal/explain/command.go:32.2,32.22 1 12
noso/internal/explain/command.go:35.42,38.9 3 15
noso/internal/explain/command.go:39.44,40.57 1 14
noso/internal/explain/command.go:41.46,42.59 1 1
noso/internal/explain/command.go:44.2,45.16 2 15
noso/internal/explain/command.go:48.44,50.22 2 75
noso/internal/explain/command.go:50.22,52.3 1 1
noso/internal/explain/command.go:54.2,55.9 2 74
noso/internal/explain/command.go:56.48,57.155 1 1
noso/internal/explain/command.go:58.45,59.137 1 1
noso/internal/explain/command.go:60.46,61.155 1 1
noso/internal/explain/command.go:62.54,63.172 1 1
noso/internal/explain/command.go:64.44,65.159 1 1
noso/internal/explain/command.go:66.55,67.154 1 0
noso/internal/explain/command.go:68.54,69.154 1 1
noso/internal/explain/command.go:70.48,71.134 1 1
noso/internal/explain/command.go:72.41,73.151 1 1
noso/internal/explain/command.go:74.43,75.161 1 1
noso/internal/explain/command.go:76.41,77.122 1 1
noso/internal/explain/command.go:78.41,79.126 1 2
noso/internal/explain/command.go:80.43,81.139 1 1
noso/internal/explain/command.go:82.45,83.132 1 1
noso/internal/explain/command.go:84.45,85.123 1 1
noso/internal/explain/command.go:86.45,87.101 1 1
noso/internal/explain/command.go:88.43,89.94 1 1
noso/internal/explain/command.go:90.45,91.152 1 1
noso/internal/explain/command.go:92.52,93.130 1 1
noso/internal/explain/command.go:94.47,95.90 1 1
noso/internal/explain/command.go:96.49,97.123 1 1
noso/internal/explain/command.go:98.50,99.121 1 1
noso/internal/explain/command.go:100.53,101.119 1 1
noso/internal/explain/command.go:102.51,103.118 1 1
noso/internal/explain/command.go:104.58,105.114 1 1
noso/internal/explain/command.go:106.56,107.109 1 1
noso/internal/explain/command.go:108.52,109.163 1 1
noso/internal/explain/command.go:110.62,111.76 1 1
noso/internal/explain/command.go:112.58,113.104 1 1
noso/internal/explain/command.go:114.55,115.114 1 1
noso/internal/explain/command.go:116.62,117.116 1 1
noso/internal/explain/command.go:118.69,119.101 1 1
noso/internal/explain/command.go:120.62,121.156 1 1
noso/internal/explain/command.go:122.44,123.155 1 1
noso/internal/explain/command.go:124.49,125.113 1 1
noso/internal/explain/command.go:126.44,127.150 1 1
noso/internal/explain/command.go:128.49,129.136 1 1
noso/internal/explain/command.go:130.65,131.114 1 1
noso/internal/explain/command.go:132.65,133.73 1 1
noso/internal/explain/command.go:134.53,135.112 1 1
noso/internal/explain/command.go:136.53,137.105 1 1
noso/internal/explain/command.go:138.54,139.89 1 1
noso/internal/explain/command.go:140.69,141.91 1 1
noso/internal/explain/command.go:142.66,143.124 1 1
noso/internal/explain/command.go:144.53,145.83 1 1
noso/internal/explain/command.go:146.52,147.120 1 1
noso/internal/explain/command.go:148.54,149.73 1 1
noso/internal/explain/command.go:150.57,151.62 1 1
noso/internal/explain/command.go:152.48,153.85 1 1
noso/internal/explain/command.go:154.46,155.83 1 1
noso/internal/explain/command.go:156.61,157.108 1 1
noso/internal/explain/command.go:158.69,159.88 1 1
noso/internal/explain/command.go:160.54,161.153 1 1
noso/internal/explain/command.go:162.43,163.114 1 1
noso/internal/explain/command.go:164.45,165.101 1 1
noso/internal/explain/command.go:166.46,167.127 1 1
noso/internal/explain/command.go:168.57,169.165 1 1
noso/internal/explain/command.go:170.49,171.99 1 1
noso/internal/explain/command.go:172.54,173.123 1 1
noso/internal/explain/command.go:174.48,175.132 1 1
noso/internal/explain/command.go:176.52,177.58 1 1
noso/internal/explain/command.go:178.45,179.132 1 1
noso/internal/explain/command.go:180.53,181.53 1 1
noso/internal/explain/command.go:182.73,183.89 1 1
noso/internal/explain/command.go:184.57,185.50 1 1
noso/internal/explain/command.go:186.52,187.133 1 1
noso/internal/explain/command.go:188.10,189.196 1 8
noso/internal/explain/command.go:193.39,195.22 2 12
noso/internal/explain/command.go:195.22,197.3 1 0
noso/internal/explain/command.go:198.2,198.18 1 12
noso/internal/explain/command.go:201.49,202.9 1 15
noso/internal/explain/command.go:203.44,204.16 1 4
noso/internal/explain/command.go:205.17,206.18 1 1
noso/internal/explain/command.go:207.10,208.15 1 10
noso/internal/history/render.go:11.72,12.12 1 6
noso/internal/history/render.go:12.12,14.17 2 1
noso/internal/history/render.go:14.17,16.4 1 0
noso/internal/history/render.go:17.3,17.34 1 1
noso/internal/history/render.go:20.2,20.23 1 5
noso/internal/history/render.go:20.23,22.3 1 1
noso/internal/history/render.go:24.2,25.33 2 4
noso/internal/history/render.go:25.33,28.36 3 5
noso/internal/history/render.go:28.36,30.4 1 1
noso/internal/history/render.go:31.3,32.40 2 5
noso/internal/history/render.go:32.40,34.4 1 1
noso/internal/history/render.go:35.3,35.25 1 5
noso/internal/history/render.go:35.25,37.4 1 1
noso/internal/history/render.go:39.2,39.24 1 4
noso/internal/interpret/output.go:13.67,16.19 3 12
noso/internal/interpret/output.go:16.19,18.3 1 0
noso/internal/interpret/output.go:20.2,21.9 2 12
noso/internal/interpret/output.go:22.52,23.54 1 1
noso/internal/interpret/output.go:24.39,25.41 1 1
noso/internal/interpret/output.go:26.41,27.43 1 1
noso/internal/interpret/output.go:28.52,29.53 1 1
noso/internal/interpret/output.go:30.46,31.49 1 3
noso/internal/interpret/output.go:32.39,33.41 1 2
noso/internal/interpret/output.go:34.43,35.45 1 2
noso/internal/interpret/output.go:36.10,45.9 1 1
noso/internal/interpret/output.go:49.76,55.9 5 1
noso/internal/interpret/output.go:56.49,62.4 3 1
noso/internal/interpret/output.go:63.59,68.4 3 0
noso/internal/interpret/output.go:69.58,75.4 3 0
noso/internal/interpret/output.go:76.10,82.4 3 0
noso/internal/interpret/output.go:85.2,85.50 1 1
noso/internal/interpret/output.go:85.50,87.3 1 1
noso/internal/interpret/output.go:88.2,88.17 1 1
noso/internal/interpret/output.go:91.63,98.49 6 1
noso/internal/interpret/output.go:98.49,100.58 2 2
noso/internal/interpret/output.go:100.58,101.12 1 1
noso/internal/interpret/output.go:103.3,104.22 2 1
noso/internal/interpret/output.go:104.22,105.12 1 0
noso/internal/interpret/output.go:107.3,110.17 4 1
noso/internal/interpret/output.go:110.17,111.12 1 0
noso/internal/interpret/output.go:113.3,113.16 1 1
noso/internal/interpret/output.go:113.16,115.4 1 1
noso/internal/interpret/output.go:118.2,118.9 1 1
noso/internal/interpret/output.go:119.19,122.87 3 0
noso/internal/interpret/output.go:123.20,126.28 3 1
noso/internal/interpret/output.go:126.28,128.4 1 1
noso/internal/interpret/output.go:129.3,131.4 1 1
noso/internal/interpret/output.go:132.10,134.31 2 0
noso/internal/interpret/output.go:136.2,136.17 1 1
noso/internal/interpret/output.go:139.65,144.49 4 1
noso/internal/interpret/output.go:144.49,146.39 2 2
noso/internal/interpret/output.go:146.39,147.12 1 1
noso/internal/interpret/output.go:149.3,150.22 2 1
noso/internal/interpret/output.go:150.22,151.9 1 0
noso/internal/interpret/output.go:153.3,155.41 3 1
noso/internal/interpret/output.go:155.41,156.9 1 0
noso/internal/interpret/output.go:158.3,159.10 2 1
noso/internal/interpret/output.go:160.26,166.5 3 1
noso/internal/interpret/output.go:167.26,172.5 3 0
noso/internal/interpret/output.go:173.11,175.32 2 0
noso/internal/interpret/output.go:177.3,177.18 1 1
noso/internal/interpret/output.go:180.2,183.17 4 0
noso/internal/interpret/output.go:186.75,193.49 6 1
noso/internal/interpret/output.go:193.49,195.53 2 3
noso/internal/interpret/output.go:195.53,196.12 1 1
noso/internal/interpret/output.go:198.3,199.22 2 2
noso/internal/interpret/output.go:199.22,200.12 1 0
noso/internal/interpret/output.go:202.3,205.51 4 2
noso/internal/interpret/output.go:205.51,207.4 1 1
noso/internal/interpret/output.go:210.2,210.9 1 1
noso/internal/interpret/output.go:211.19,214.80 3 0
noso/internal/interpret/output.go:215.23,218.32 3 1
noso/internal/interpret/output.go:218.32,220.4 1 1
noso/internal/interpret/output.go:221.3,224.4 1 1
noso/internal/interpret/output.go:225.10,227.31 2 0
noso/internal/interpret/output.go:229.2,229.17 1 1
noso/internal/interpret/output.go:232.60,238.2 1 11
noso/internal/interpret/output.go:240.51,242.17 2 3
noso/internal/interpret/output.go:242.17,244.3 1 0
noso/internal/interpret/output.go:245.2,250.14 5 3
noso/internal/interpret/output.go:251.11,253.31 2 0
noso/internal/interpret/output.go:254.11,256.31 2 0
noso/internal/interpret/output.go:257.11,259.31 2 3
noso/internal/interpret/output.go:260.11,262.31 2 0
noso/internal/interpret/output.go:265.2,266.16 2 3
noso/internal/interpret/output.go:266.16,268.3 1 0
noso/internal/interpret/output.go:269.2,269.42 1 3
noso/internal/interpret/output.go:272.59,273.34 1 1
noso/internal/interpret/output.go:273.34,274.24 1 2
noso/internal/interpret/output.go:274.24,276.4 1 0
noso/internal/interpret/output.go:278.2,278.30 1 1
noso/internal/interpret/output.go:281.71,289.75 6 3
noso/internal/interpret/output.go:289.75,291.3 1 1
noso/internal/interpret/output.go:292.2,292.125 1 3
noso/internal/interpret/output.go:292.125,294.3 1 1
noso/internal/interpret/output.go:295.2,295.90 1 3
noso/internal/interpret/output.go:295.90,297.3 1 0
noso/internal/interpret/output.go:298.2,298.50 1 3
noso/internal/interpret/output.go:298.50,300.3 1 1
noso/internal/interpret/output.go:301.2,301.102 1 3
noso/internal/interpret/output.go:301.102,303.3 1 0
noso/internal/interpret/output.go:304.2,304.46 1 3
noso/internal/interpret/output.go:304.46,306.3 1 0
noso/internal/interpret/output.go:308.2,308.23 1 3
noso/internal/interpret/output.go:308.23,309.36 1 1
noso/internal/interpret/output.go:309.36,312.4 2 0
noso/internal/interpret/output.go:312.9,319.4 3 1
noso/internal/interpret/output.go:320.3,320.18 1 1
noso/internal/interpret/output.go:323.2,330.81 4 2
noso/internal/interpret/output.go:330.81,334.3 1 1
noso/internal/interpret/output.go:335.2,335.17 1 2
noso/internal/interpret/output.go:338.63,346.49 6 2
noso/internal/interpret/output.go:346.49,348.86 2 4
noso/internal/interpret/output.go:348.86,349.12 1 2
noso/internal/interpret/output.go:351.3,352.23 2 2
noso/internal/interpret/output.go:352.23,353.12 1 0
noso/internal/interpret/output.go:355.3,359.33 5 2
noso/internal/interpret/output.go:359.33,361.4 1 1
noso/internal/interpret/output.go:362.3,362.33 1 2
noso/internal/interpret/output.go:362.33,364.4 1 0
noso/internal/interpret/output.go:367.2,367.17 1 2
noso/internal/interpret/output.go:367.17,372.3 4 0
noso/internal/interpret/output.go:374.2,374.44 1 2
noso/internal/interpret/output.go:374.44,378.3 3 1
noso/internal/interpret/output.go:380.2,381.22 2 1
noso/internal/interpret/output.go:381.22,383.3 1 1
noso/internal/interpret/output.go:384.2,384.22 1 1
noso/internal/interpret/output.go:384.22,386.3 1 0
noso/internal/interpret/output.go:387.2,393.17 4 1
noso/internal/interpret/output.go:396.67,406.49 8 2
noso/internal/interpret/output.go:406.49,408.20 2 6
noso/internal/interpret/output.go:408.20,409.12 1 0
noso/internal/interpret/output.go:412.3,412.65 1 6
noso/internal/interpret/output.go:412.65,414.36 1 3
noso/internal/interpret/output.go:414.36,416.5 1 0
noso/internal/interpret/output.go:417.4,420.24 4 3
noso/internal/interpret/output.go:420.24,422.5 1 3
noso/internal/interpret/output.go:423.4,424.82 2 3
noso/internal/interpret/output.go:424.82,426.5 1 1
noso/internal/interpret/output.go:427.4,427.12 1 3
noso/internal/interpret/output.go:429.3,429.80 1 3
noso/internal/interpret/output.go:429.80,431.4 1 2
noso/internal/interpret/output.go:434.2,434.34 1 2
noso/internal/interpret/output.go:434.34,436.3 1 1
noso/internal/interpret/output.go:438.2,438.17 1 2
noso/internal/interpret/output.go:438.17,443.3 4 0
noso/internal/interpret/output.go:445.2,446.25 2 2
noso/internal/interpret/output.go:446.25,448.3 1 1
noso/internal/interpret/output.go:449.2,449.19 1 2
noso/internal/interpret/output.go:449.19,451.3 1 1
noso/internal/interpret/output.go:453.2,453.22 1 2
noso/internal/interpret/output.go:453.22,457.3 3 1
noso/internal/interpret/output.go:459.2,465.17 4 1
noso/internal/output/render.go:13.88,14.12 1 3
noso/internal/output/render.go:14.12,16.17 2 1
noso/internal/output/render.go:16.17,18.4 1 0
noso/internal/output/render.go:19.3,19.34 1 1
noso/internal/output/render.go:22.2,29.36 8 2
noso/internal/output/render.go:29.36,31.3 1 1
noso/internal/output/render.go:32.2,32.12 1 2
noso/internal/output/render.go:32.12,33.43 1 1
noso/internal/output/render.go:33.43,35.4 1 1
noso/internal/output/render.go:36.3,36.45 1 1
noso/internal/output/render.go:36.45,38.4 1 0
noso/internal/output/render.go:40.2,40.24 1 2
noso/internal/output/render.go:44.77,45.12 1 2
noso/internal/output/render.go:45.12,47.17 2 1
noso/internal/output/render.go:47.17,49.4 1 0
noso/internal/output/render.go:50.3,50.34 1 1
noso/internal/output/render.go:53.2,58.26 6 1
noso/internal/output/render.go:58.26,60.3 1 0
noso/internal/output/render.go:61.2,61.27 1 1
noso/internal/output/render.go:61.27,63.3 1 0
noso/internal/output/render.go:64.2,72.4 1 1
noso/internal/output/render.go:72.4,75.17 3 39
noso/internal/output/render.go:75.17,77.4 1 1
noso/internal/output/render.go:78.3,78.43 1 39
noso/internal/output/render.go:80.2,80.24 1 1
noso/internal/evidence/collector.go:29.31,31.2 1 7
noso/internal/evidence/collector.go:35.49,39.50 2 3
noso/internal/evidence/collector.go:39.50,44.3 4 1
noso/internal/evidence/collector.go:44.8,44.33 1 2
noso/internal/evidence/collector.go:44.33,48.3 3 1
noso/internal/evidence/collector.go:50.2,50.16 1 3
noso/internal/evidence/collector.go:50.16,52.3 1 1
noso/internal/evidence/collector.go:55.2,55.72 1 2
noso/internal/evidence/collector.go:55.72,58.3 2 2
noso/internal/evidence/collector.go:61.2,61.62 1 2
noso/internal/evidence/collector.go:61.62,64.3 2 2
noso/internal/evidence/collector.go:67.2,70.4 1 2
noso/internal/evidence/collector.go:70.4,72.39 2 4
noso/internal/evidence/collector.go:72.39,75.9 3 0
noso/internal/evidence/collector.go:79.2,79.11 1 2
noso/internal/evidence/collector.go:82.66,83.23 1 2
noso/internal/evidence/collector.go:83.23,85.83 1 1
noso/internal/evidence/collector.go:85.83,87.4 1 1
noso/internal/evidence/collector.go:88.3,88.13 1 0
noso/internal/evidence/collector.go:90.2,90.48 1 1
noso/internal/evidence/collector.go:90.48,91.65 1 1
noso/internal/evidence/collector.go:91.65,93.4 1 1
noso/internal/evidence/collector.go:95.2,95.12 1 0
noso/internal/evidence/collector.go:99.88,100.43 1 4
noso/internal/evidence/collector.go:100.43,101.34 1 4
noso/internal/evidence/collector.go:101.34,103.4 1 3
noso/internal/evidence/collector.go:105.2,105.14 1 1
noso/internal/evidence/collector.go:110.67,121.57 9 6
noso/internal/evidence/collector.go:121.57,122.44 1 141
noso/internal/evidence/collector.go:122.44,124.4 1 127
noso/internal/evidence/collector.go:126.2,126.14 1 6
noso/internal/evidence/collector.go:132.65,140.34 7 2
noso/internal/evidence/collector.go:140.34,142.3 1 1
noso/internal/evidence/collector.go:144.2,145.57 2 1
noso/internal/evidence/collector.go:145.57,146.44 1 2
noso/internal/evidence/collector.go:146.44,148.4 1 1
noso/internal/evidence/collector.go:150.2,150.14 1 1
noso/internal/evidence/collector.go:154.39,155.14 1 16
noso/internal/evidence/collector.go:158.58,159.14 1 8
noso/internal/evidence/collector.go:161.2,161.14 1 8
noso/internal/evidence/collector.go:164.45,165.21 1 5
noso/internal/evidence/collector.go:165.21,167.3 1 2
noso/internal/evidence/collector.go:168.2,168.18 1 3
noso/cmd/cli-helper/main.go:11.13,13.16 2 0
noso/cmd/cli-helper/main.go:13.16,15.3 1 0
noso/cmd/cli-helper/main.go:16.2,16.19 1 0
noso/internal/safety/risk.go:15.38,20.40 2 118
noso/internal/safety/risk.go:20.40,21.29 1 454
noso/internal/safety/risk.go:21.29,23.4 1 12
noso/internal/safety/risk.go:26.2,26.37 1 106
noso/internal/safety/risk.go:26.37,27.29 1 1961
noso/internal/safety/risk.go:27.29,29.4 1 43
noso/internal/safety/risk.go:32.2,32.39 1 63
noso/internal/safety/risk.go:32.39,33.29 1 1850
noso/internal/safety/risk.go:33.29,35.4 1 30
noso/internal/safety/risk.go:38.2,38.16 1 33
noso/internal/runbook/build.go:21.49,28.23 3 2
noso/internal/runbook/build.go:28.23,30.3 1 0
noso/internal/runbook/build.go:32.2,35.33 3 2
noso/internal/runbook/build.go:35.33,37.36 2 2
noso/internal/runbook/build.go:37.36,39.4 1 2
noso/internal/runbook/build.go:40.3,40.40 1 2
noso/internal/runbook/build.go:40.40,42.4 1 2
noso/internal/runbook/build.go:43.3,43.52 1 2
noso/internal/runbook/build.go:43.52,45.4 1 1
noso/internal/runbook/build.go:46.3,46.50 1 2
noso/internal/runbook/build.go:46.50,48.4 1 1
noso/internal/runbook/build.go:51.2,51.32 1 2
noso/internal/runbook/build.go:51.32,53.3 1 1
noso/internal/runbook/build.go:54.2,54.15 1 2
noso/internal/runbook/build.go:57.68,59.33 2 2
noso/internal/runbook/build.go:59.33,60.54 1 3
noso/internal/runbook/build.go:60.54,61.12 1 1
noso/internal/runbook/build.go:63.3,63.38 1 2
noso/internal/runbook/build.go:65.2,65.17 1 2
noso/internal/runbook/build.go:68.59,70.17 2 8
noso/internal/runbook/build.go:70.17,72.3 1 0
noso/internal/runbook/build.go:73.2,73.34 1 8
noso/internal/runbook/build.go:73.34,74.24 1 0
noso/internal/runbook/build.go:74.24,76.4 1 0
noso/internal/runbook/build.go:78.2,78.30 1 8
noso/internal/runbook/render.go:9.59,10.52 1 1
noso/internal/runbook/render.go:11.28,12.37 1 1
noso/internal/runbook/render.go:13.14,15.17 2 0
noso/internal/runbook/render.go:15.17,17.4 1 0
noso/internal/runbook/render.go:18.3,18.34 1 0
noso/internal/runbook/render.go:19.10,20.66 1 0
noso/internal/runbook/render.go:24.43,34.2 9 1
noso/internal/runbook/render.go:36.66,37.21 1 5
noso/internal/runbook/render.go:37.21,39.3 1 3
noso/internal/runbook/render.go:40.2,41.29 2 2
noso/internal/runbook/render.go:41.29,43.3 1 2
noso/internal/runbook/render.go:44.2,44.21 1 2
noso/internal/troubleshoot/templates.go:11.82,13.9 2 10
noso/internal/troubleshoot/templates.go:14.109,15.39 1 1
noso/internal/troubleshoot/templates.go:16.102,17.46 1 1
noso/internal/troubleshoot/templates.go:18.146,19.40 1 1
noso/internal/troubleshoot/templates.go:20.112,21.50 1 1
noso/internal/troubleshoot/templates.go:22.161,23.50 1 1
noso/internal/troubleshoot/templates.go:25.101,26.53 1 1
noso/internal/troubleshoot/templates.go:27.101,28.48 1 1
noso/internal/troubleshoot/templates.go:29.153,30.48 1 1
noso/internal/troubleshoot/templates.go:31.96,32.35 1 1
noso/internal/troubleshoot/templates.go:33.10,34.34 1 1
noso/internal/troubleshoot/templates.go:38.65,57.2 5 1
noso/internal/troubleshoot/templates.go:59.72,78.2 5 1
noso/internal/troubleshoot/templates.go:80.66,99.2 5 1
noso/internal/troubleshoot/templates.go:101.83,121.2 6 1
noso/internal/troubleshoot/templates.go:123.86,143.2 6 1
noso/internal/troubleshoot/templates.go:145.83,165.2 6 1
noso/internal/troubleshoot/templates.go:167.44,169.9 2 9
noso/internal/troubleshoot/templates.go:170.41,171.18 1 2
noso/internal/troubleshoot/templates.go:172.45,173.41 1 4
noso/internal/troubleshoot/templates.go:173.41,175.4 1 1
noso/internal/troubleshoot/templates.go:176.3,176.40 1 3
noso/internal/troubleshoot/templates.go:176.40,178.4 1 1
noso/internal/troubleshoot/templates.go:179.3,179.37 1 2
noso/internal/troubleshoot/templates.go:179.37,181.4 1 1
noso/internal/troubleshoot/templates.go:182.3,182.22 1 1
noso/internal/troubleshoot/templates.go:183.10,184.18 1 3
noso/internal/troubleshoot/templates.go:188.81,191.21 3 1
noso/internal/troubleshoot/templates.go:191.21,193.3 1 1
noso/internal/troubleshoot/templates.go:195.2,212.17 5 1
noso/internal/troubleshoot/templates.go:215.81,234.2 5 1
noso/internal/troubleshoot/templates.go:236.61,255.2 5 1
noso/internal/troubleshoot/templates.go:257.49,258.9 1 9
noso/internal/troubleshoot/templates.go:259.44,260.16 1 4
noso/internal/troubleshoot/templates.go:261.17,262.18 1 0
noso/internal/troubleshoot/templates.go:263.10,264.15 1 5
noso/internal/troubleshoot/templates.go:268.87,269.29 1 9
noso/internal/troubleshoot/templates.go:269.29,271.3 1 4
noso/internal/troubleshoot/templates.go:272.2,272.16 1 9
noso/internal/troubleshoot/templates.go:272.16,274.3 1 5
noso/pkg/buildinfo/info.go:14.22,16.2 1 1
noso/internal/detect/environment.go:20.42,22.16 2 1
noso/internal/detect/environment.go:22.16,24.3 1 0
noso/internal/detect/environment.go:26.2,28.39 3 1
noso/internal/detect/environment.go:28.39,36.3 2 52
noso/internal/detect/environment.go:38.2,52.8 3 1
noso/internal/detect/environment.go:55.30,56.43 1 3
noso/internal/detect/environment.go:56.43,57.20 1 2
noso/internal/detect/environment.go:57.20,59.4 1 1
noso/internal/detect/environment.go:60.3,60.12 1 1
noso/internal/detect/environment.go:62.2,63.30 2 1
noso/internal/detect/environment.go:63.30,65.3 1 0
noso/internal/detect/environment.go:66.2,67.22 2 1
noso/internal/detect/environment.go:67.22,69.3 1 0
noso/internal/detect/environment.go:70.2,70.11 1 1
noso/internal/detect/environment.go:73.55,74.51 1 2
noso/internal/detect/environment.go:74.51,76.3 1 2
noso/internal/detect/environment.go:77.2,78.21 2 0
noso/internal/detect/environment.go:78.21,80.3 1 0
noso/internal/detect/environment.go:81.2,81.17 1 0
noso/internal/detect/environment.go:84.52,87.2 2 1
noso/internal/detect/environment.go:89.61,91.16 2 3
noso/internal/detect/environment.go:91.16,93.3 1 1
noso/internal/detect/environment.go:95.2,96.60 2 2
noso/internal/detect/environment.go:96.60,98.49 2 24
noso/internal/detect/environment.go:98.49,99.12 1 3
noso/internal/detect/environment.go:101.3,102.10 2 21
noso/internal/detect/environment.go:102.10,103.12 1 0
noso/internal/detect/environment.go:105.3,105.41 1 21
noso/internal/detect/environment.go:108.2,108.20 1 2
noso/internal/detect/environment.go:111.35,113.16 2 6
noso/internal/detect/environment.go:113.16,115.3 1 3
noso/internal/detect/environment.go:116.2,116.22 1 3
noso/internal/detect/environment.go:121.45,125.9 3 27
noso/internal/detect/environment.go:127.74,128.16 1 9
noso/internal/detect/environment.go:129.60,130.18 1 2
noso/internal/detect/environment.go:132.76,133.18 1 7
noso/internal/detect/environment.go:134.76,135.16 1 3
noso/internal/detect/environment.go:136.75,137.16 1 3
noso/internal/detect/environment.go:138.10,139.19 1 3
noso/internal/detect/environment.go:144.53,146.16 2 9
noso/internal/detect/environment.go:147.24,148.15 1 4
noso/internal/detect/environment.go:149.16,150.15 1 2
noso/internal/detect/environment.go:151.14,152.18 1 1
noso/internal/detect/environment.go:153.14,154.18 1 1
noso/internal/detect/environment.go:155.10,156.19 1 1
noso/internal/registry/ansible.go:12.82,26.2 5 1
noso/internal/registry/ansible.go:28.98,31.16 3 1
noso/internal/registry/ansible.go:31.16,34.3 2 1
noso/internal/registry/ansible.go:35.2,44.50 2 1
noso/internal/registry/ansible.go:44.50,46.3 1 0
noso/internal/registry/ansible.go:46.8,49.3 2 1
noso/internal/registry/ansible.go:50.2,50.22 1 1
noso/internal/registry/ansible.go:53.100,68.2 6 1
noso/internal/registry/ansible.go:70.98,85.2 6 1
noso/internal/registry/ansible.go:87.43,89.56 2 2
noso/internal/registry/ansible.go:89.56,91.22 2 2
noso/internal/registry/ansible.go:91.22,93.4 1 2
noso/internal/registry/ansible.go:95.2,95.19 1 0
noso/internal/registry/argocd.go:11.81,19.2 1 1
noso/internal/registry/argocd.go:21.81,29.2 1 1
noso/internal/registry/argocd.go:31.78,39.2 1 1
noso/internal/registry/argocd.go:41.94,56.2 6 1
noso/internal/registry/argocd.go:58.82,66.2 1 1
noso/internal/registry/argocd.go:68.82,76.2 1 1
noso/internal/registry/argocd.go:78.119,90.2 3 5
noso/internal/registry/cloud.go:9.78,18.2 1 1
noso/internal/registry/cloud.go:20.79,29.2 1 1
noso/internal/registry/cloud.go:31.79,40.2 1 1
noso/internal/registry/cloud.go:42.77,51.2 1 1
noso/internal/registry/cloud.go:53.77,62.2 1 1
noso/internal/registry/cloud.go:64.83,73.2 1 1
noso/internal/registry/cloud.go:75.81,84.2 1 1
noso/internal/registry/cloud.go:86.81,95.2 1 1
noso/internal/registry/cloud.go:97.81,106.2 1 1
noso/internal/registry/cloud.go:108.134,120.2 3 9
noso/internal/registry/containerd.go:11.84,24.74 5 1
noso/internal/registry/containerd.go:24.74,26.3 1 1
noso/internal/registry/containerd.go:27.2,27.22 1 1
noso/internal/registry/containerd.go:30.82,43.74 5 1
noso/internal/registry/containerd.go:43.74,45.3 1 1
noso/internal/registry/containerd.go:46.2,46.22 1 1
noso/internal/registry/containerd.go:49.85,56.21 6 1
noso/internal/registry/containerd.go:56.21,57.53 1 1
noso/internal/registry/containerd.go:57.53,61.4 3 0
noso/internal/registry/containerd.go:61.9,61.69 1 1
noso/internal/registry/containerd.go:61.69,65.4 3 0
noso/internal/registry/containerd.go:65.9,65.72 1 1
noso/internal/registry/containerd.go:65.72,69.4 3 0
noso/internal/registry/containerd.go:69.9,71.4 1 1
noso/internal/registry/containerd.go:74.2,85.9 2 1
noso/internal/registry/containerd.go:86.48,87.52 1 1
noso/internal/registry/containerd.go:88.41,89.61 1 0
noso/internal/registry/containerd.go:90.44,91.67 1 0
noso/internal/registry/containerd.go:92.45,93.69 1 0
noso/internal/registry/containerd.go:96.2,96.22 1 1
noso/internal/registry/database.go:9.83,18.2 1 1
noso/internal/registry/database.go:20.85,29.2 1 1
noso/internal/registry/database.go:31.80,40.2 1 1
noso/internal/registry/database.go:42.82,51.2 1 1
noso/internal/registry/database.go:53.80,62.2 1 1
noso/internal/registry/database.go:64.77,73.2 1 1
noso/internal/registry/database.go:75.137,87.2 3 6
noso/internal/registry/git.go:9.101,22.33 5 1
noso/internal/registry/git.go:22.33,24.3 1 1
noso/internal/registry/git.go:25.2,25.22 1 1
noso/internal/registry/git.go:28.74,42.2 5 2
noso/internal/registry/git.go:44.75,58.2 5 2
noso/internal/registry/git.go:60.77,74.2 5 1
noso/internal/registry/hardware.go:12.75,26.2 5 1
noso/internal/registry/hardware.go:28.78,42.2 5 1
noso/internal/registry/hardware.go:44.80,58.2 5 1
noso/internal/registry/hardware.go:60.82,74.2 5 1
noso/internal/registry/hardware.go:76.92,91.2 6 1
noso/internal/registry/hardware.go:93.76,107.2 5 1
noso/internal/registry/hardware.go:109.75,123.2 5 1
noso/internal/registry/hardware.go:125.45,126.46 1 1
noso/internal/registry/hardware.go:126.46,128.42 2 5
noso/internal/registry/hardware.go:128.42,130.4 1 1
noso/internal/registry/hardware.go:132.2,132.19 1 0
noso/internal/registry/helm.go:12.79,26.2 5 1
noso/internal/registry/helm.go:28.77,42.2 5 1
noso/internal/registry/helm.go:44.94,48.21 4 2
noso/internal/registry/helm.go:48.21,50.3 1 0
noso/internal/registry/helm.go:51.2,61.22 3 2
noso/internal/registry/helm.go:64.92,69.21 5 1
noso/internal/registry/helm.go:69.21,71.3 1 1
noso/internal/registry/helm.go:72.2,82.22 3 1
noso/internal/registry/helm.go:85.93,90.21 5 1
noso/internal/registry/helm.go:90.21,92.3 1 0
noso/internal/registry/helm.go:93.2,103.22 3 1
noso/internal/registry/helm.go:106.92,111.21 5 1
noso/internal/registry/helm.go:111.21,113.3 1 0
noso/internal/registry/helm.go:114.2,124.22 3 1
noso/internal/registry/helm.go:127.94,142.2 6 1
noso/internal/registry/helm.go:144.44,146.53 2 1
noso/internal/registry/helm.go:146.53,148.22 2 1
noso/internal/registry/helm.go:148.22,150.4 1 1
noso/internal/registry/helm.go:152.2,152.56 1 0
noso/internal/registry/helm.go:152.56,154.22 2 0
noso/internal/registry/helm.go:154.22,156.4 1 0
noso/internal/registry/helm.go:158.2,158.20 1 0
noso/internal/registry/helpers.go:14.49,15.16 1 101
noso/internal/registry/helpers.go:15.16,17.3 1 67
noso/internal/registry/helpers.go:18.2,19.29 2 34
noso/internal/registry/helpers.go:19.29,21.3 1 34
noso/internal/registry/helpers.go:22.2,22.21 1 34
noso/internal/registry/helpers.go:22.21,24.3 1 34
noso/internal/registry/helpers.go:25.2,25.29 1 34
noso/internal/registry/helpers.go:25.29,27.3 1 9
noso/internal/registry/helpers.go:28.2,28.9 1 34
noso/internal/registry/helpers.go:29.18,30.16 1 34
noso/internal/registry/helpers.go:31.18,32.18 1 0
noso/internal/registry/helpers.go:33.10,34.15 1 0
noso/internal/registry/helpers.go:38.87,41.16 1 100
noso/internal/registry/helpers.go:41.16,43.3 1 66
noso/internal/registry/helpers.go:46.63,47.45 1 73
noso/internal/registry/helpers.go:47.45,48.26 1 4
noso/internal/registry/helpers.go:48.26,50.4 1 2
noso/internal/registry/helpers.go:52.2,52.56 1 71
noso/internal/registry/intents.go:105.107,108.32 2 118
noso/internal/registry/intents.go:108.32,110.3 1 7
noso/internal/registry/intents.go:111.2,111.64 1 111
noso/internal/registry/intents.go:111.64,113.3 1 4
noso/internal/registry/intents.go:115.2,115.9 1 107
noso/internal/registry/intents.go:116.46,117.36 1 1
noso/internal/registry/intents.go:118.49,119.39 1 1
noso/internal/registry/intents.go:120.51,121.41 1 1
noso/internal/registry/intents.go:122.49,123.39 1 1
noso/internal/registry/intents.go:124.50,125.44 1 1
noso/internal/registry/intents.go:126.48,127.42 1 1
noso/internal/registry/intents.go:128.44,129.34 1 1
noso/internal/registry/intents.go:130.45,131.35 1 1
noso/internal/registry/intents.go:132.47,133.44 1 1
noso/internal/registry/intents.go:134.51,135.41 1 1
noso/internal/registry/intents.go:136.49,137.39 1 1
noso/internal/registry/intents.go:138.47,139.37 1 1
noso/internal/registry/intents.go:140.44,141.34 1 1
noso/internal/registry/intents.go:142.48,143.45 1 1
noso/internal/registry/intents.go:144.50,145.40 1 1
noso/internal/registry/intents.go:146.50,147.40 1 1
noso/internal/registry/intents.go:148.50,149.40 1 1
noso/internal/registry/intents.go:150.48,151.38 1 1
noso/internal/registry/intents.go:152.51,153.41 1 1
noso/internal/registry/intents.go:154.51,155.41 1 1
noso/internal/registry/intents.go:156.46,157.46 1 1
noso/internal/registry/intents.go:158.47,159.37 1 1
noso/internal/registry/intents.go:160.50,161.40 1 1
noso/internal/registry/intents.go:162.50,163.40 1 1
noso/internal/registry/intents.go:164.50,165.40 1 1
noso/internal/registry/intents.go:166.50,167.40 1 1
noso/internal/registry/intents.go:168.50,169.40 1 1
noso/internal/registry/intents.go:170.52,171.42 1 1
noso/internal/registry/intents.go:172.46,173.36 1 1
noso/internal/registry/intents.go:174.46,175.36 1 1
noso/internal/registry/intents.go:176.48,177.38 1 1
noso/internal/registry/intents.go:178.48,179.38 1 1
noso/internal/registry/intents.go:180.47,181.37 1 1
noso/internal/registry/intents.go:182.47,183.44 1 1
noso/internal/registry/intents.go:184.49,185.45 1 1
noso/internal/registry/intents.go:186.44,187.46 1 1
noso/internal/registry/intents.go:188.47,189.44 1 1
noso/internal/registry/intents.go:190.46,191.43 1 1
noso/internal/registry/intents.go:192.47,193.37 1 1
noso/internal/registry/intents.go:194.49,195.50 1 1
noso/internal/registry/intents.go:196.50,197.52 1 1
noso/internal/registry/intents.go:198.53,199.50 1 1
noso/internal/registry/intents.go:200.51,201.41 1 1
noso/internal/registry/intents.go:202.44,203.45 1 1
noso/internal/registry/intents.go:204.48,205.49 1 1
noso/internal/registry/intents.go:206.43,207.40 1 1
noso/internal/registry/intents.go:208.47,209.44 1 1
noso/internal/registry/intents.go:210.42,211.44 1 1
noso/internal/registry/intents.go:212.46,213.43 1 1
noso/internal/registry/intents.go:214.49,215.46 1 1
noso/internal/registry/intents.go:216.47,217.44 1 1
noso/internal/registry/intents.go:218.48,219.45 1 1
noso/internal/registry/intents.go:220.47,221.44 1 1
noso/internal/registry/intents.go:222.49,223.46 1 2
noso/internal/registry/intents.go:224.46,225.36 1 1
noso/internal/registry/intents.go:226.48,227.38 1 1
noso/internal/registry/intents.go:228.46,229.47 1 1
noso/internal/registry/intents.go:230.48,231.52 1 1
noso/internal/registry/intents.go:232.44,233.45 1 1
noso/internal/registry/intents.go:234.50,235.44 1 1
noso/internal/registry/intents.go:236.48,237.49 1 1
noso/internal/registry/intents.go:238.51,239.52 1 1
noso/internal/registry/intents.go:240.44,241.45 1 2
noso/internal/registry/intents.go:242.47,243.46 1 1
noso/internal/registry/intents.go:244.47,245.41 1 1
noso/internal/registry/intents.go:246.51,247.48 1 0
noso/internal/registry/intents.go:248.48,249.45 1 0
noso/internal/registry/intents.go:250.50,251.47 1 0
noso/internal/registry/intents.go:252.46,253.43 1 1
noso/internal/registry/intents.go:254.51,255.48 1 0
noso/internal/registry/intents.go:256.50,257.47 1 0
noso/internal/registry/intents.go:258.120,259.35 1 3
noso/internal/registry/intents.go:260.168,261.46 1 1
noso/internal/registry/intents.go:262.155,263.36 1 2
noso/internal/registry/intents.go:264.95,265.38 1 1
noso/internal/registry/intents.go:266.149,267.42 1 1
noso/internal/registry/intents.go:268.94,269.42 1 1
noso/internal/registry/intents.go:270.100,271.41 1 1
noso/internal/registry/intents.go:272.87,273.38 1 2
noso/internal/registry/intents.go:274.97,275.33 1 2
noso/internal/registry/intents.go:276.103,277.34 1 2
noso/internal/registry/intents.go:278.101,279.36 1 1
noso/internal/registry/intents.go:280.50,281.44 1 1
noso/internal/registry/intents.go:282.51,283.41 1 1
noso/internal/registry/intents.go:284.53,285.43 1 1
noso/internal/registry/intents.go:286.136,287.45 1 1
noso/internal/registry/intents.go:288.89,289.41 1 1
noso/internal/registry/intents.go:290.93,291.43 1 1
noso/internal/registry/intents.go:292.57,293.44 1 1
noso/internal/registry/intents.go:294.103,295.50 1 1
noso/internal/registry/intents.go:296.100,297.41 1 1
noso/internal/registry/intents.go:298.172,299.38 1 1
noso/internal/registry/intents.go:300.10,308.9 1 12
noso/internal/registry/intents.go:312.45,314.2 1 118
noso/internal/registry/k8s.go:12.82,26.2 5 1
noso/internal/registry/k8s.go:28.106,43.27 7 1
noso/internal/registry/k8s.go:43.27,45.3 1 1
noso/internal/registry/k8s.go:46.2,46.22 1 1
noso/internal/registry/k8s.go:49.93,53.21 4 2
noso/internal/registry/k8s.go:53.21,55.3 1 2
noso/internal/registry/k8s.go:56.2,66.22 3 2
noso/internal/registry/k8s.go:69.100,73.21 4 1
noso/internal/registry/k8s.go:73.21,75.3 1 0
noso/internal/registry/k8s.go:76.2,86.22 3 1
noso/internal/registry/k8s.go:89.97,93.21 4 1
noso/internal/registry/k8s.go:93.21,95.3 1 0
noso/internal/registry/k8s.go:96.2,106.22 3 1
noso/internal/registry/k8s.go:109.85,123.2 5 1
noso/internal/registry/k8s.go:125.93,130.21 5 1
noso/internal/registry/k8s.go:130.21,132.3 1 0
noso/internal/registry/k8s.go:133.2,143.22 3 1
noso/internal/registry/k8s.go:146.100,151.21 5 1
noso/internal/registry/k8s.go:151.21,153.3 1 1
noso/internal/registry/k8s.go:154.2,164.22 3 1
noso/internal/registry/k8s.go:167.95,171.21 4 1
noso/internal/registry/k8s.go:171.21,173.3 1 0
noso/internal/registry/k8s.go:174.2,184.22 3 1
noso/internal/registry/k8s.go:187.44,189.57 2 12
noso/internal/registry/k8s.go:189.57,191.22 2 4
noso/internal/registry/k8s.go:191.22,193.4 1 4
noso/internal/registry/k8s.go:195.2,195.11 1 8
noso/internal/registry/k8s.go:198.65,200.56 2 6
noso/internal/registry/k8s.go:200.56,202.22 2 6
noso/internal/registry/k8s.go:202.22,204.4 1 6
noso/internal/registry/k8s.go:206.2,206.17 1 0
noso/internal/registry/linux.go:14.76,28.2 5 3
noso/internal/registry/linux.go:30.94,34.41 4 1
noso/internal/registry/linux.go:34.41,37.3 2 0
noso/internal/registry/linux.go:38.2,48.22 3 1
noso/internal/registry/linux.go:51.77,65.2 5 2
noso/internal/registry/linux.go:67.86,69.88 2 1
noso/internal/registry/linux.go:69.88,71.3 1 1
noso/internal/registry/linux.go:72.2,84.22 5 1
noso/internal/registry/linux.go:87.90,89.58 2 1
noso/internal/registry/linux.go:89.58,91.3 1 0
noso/internal/registry/linux.go:92.2,104.22 5 1
noso/internal/registry/linux.go:107.90,109.88 2 1
noso/internal/registry/linux.go:109.88,111.3 1 1
noso/internal/registry/linux.go:112.2,124.22 5 1
noso/internal/registry/linux.go:127.89,129.70 2 1
noso/internal/registry/linux.go:129.70,131.3 1 1
noso/internal/registry/linux.go:132.2,144.22 5 1
noso/internal/registry/linux.go:147.86,150.23 3 2
noso/internal/registry/linux.go:150.23,151.106 1 2
noso/internal/registry/linux.go:151.106,153.4 1 2
noso/internal/registry/linux.go:156.2,168.22 5 2
noso/internal/registry/linux.go:171.93,174.23 3 1
noso/internal/registry/linux.go:174.23,176.3 1 1
noso/internal/registry/linux.go:178.2,190.22 5 1
noso/internal/registry/linux.go:193.89,196.23 3 1
noso/internal/registry/linux.go:196.23,198.3 1 1
noso/internal/registry/linux.go:200.2,212.22 5 1
noso/internal/registry/linux.go:215.91,217.88 2 1
noso/internal/registry/linux.go:217.88,219.3 1 1
noso/internal/registry/linux.go:221.2,233.22 5 1
noso/internal/registry/linux.go:236.92,239.93 3 1
noso/internal/registry/linux.go:239.93,242.3 2 1
noso/internal/registry/linux.go:244.2,256.22 5 1
noso/internal/registry/linux.go:259.117,261.91 2 1
noso/internal/registry/linux.go:261.91,263.3 1 1
noso/internal/registry/linux.go:265.2,269.28 3 1
noso/internal/registry/linux.go:270.13,276.4 1 0
noso/internal/registry/linux.go:277.16,283.4 1 0
noso/internal/registry/linux.go:284.16,290.4 1 0
noso/internal/registry/linux.go:291.10,297.4 1 1
noso/internal/registry/linux.go:300.2,311.22 4 1
noso/internal/registry/linux.go:314.86,317.71 3 1
noso/internal/registry/linux.go:317.71,320.3 2 1
noso/internal/registry/linux.go:322.2,334.22 5 1
noso/internal/registry/remote.go:12.78,26.2 5 1
noso/internal/registry/remote.go:28.91,43.2 6 1
noso/internal/registry/remote.go:45.92,60.2 6 1
noso/internal/registry/remote.go:62.94,77.2 6 1
noso/internal/registry/remote.go:79.93,95.2 7 2
noso/internal/registry/remote.go:97.92,101.16 4 1
noso/internal/registry/remote.go:101.16,103.3 1 0
noso/internal/registry/remote.go:104.2,108.22 5 1
noso/internal/registry/remote.go:111.45,113.54 2 3
noso/internal/registry/remote.go:113.54,114.52 1 4
noso/internal/registry/remote.go:114.52,116.23 2 3
noso/internal/registry/remote.go:116.23,118.5 1 3
noso/internal/registry/remote.go:121.2,121.62 1 0
noso/internal/registry/remote.go:121.62,122.52 1 0
noso/internal/registry/remote.go:122.52,124.23 2 0
noso/internal/registry/remote.go:124.23,126.5 1 0
noso/internal/registry/remote.go:129.2,129.22 1 0
noso/internal/registry/remote.go:132.49,134.52 2 3
noso/internal/registry/remote.go:134.52,136.22 2 1
noso/internal/registry/remote.go:136.22,138.4 1 1
noso/internal/registry/remote.go:140.2,140.18 1 2
noso/internal/registry/remote.go:143.49,145.51 2 3
noso/internal/registry/remote.go:145.51,147.22 2 1
noso/internal/registry/remote.go:147.22,149.4 1 1
noso/internal/registry/remote.go:151.2,151.53 1 2
noso/internal/registry/remote.go:151.53,153.22 2 0
noso/internal/registry/remote.go:153.22,155.4 1 0
noso/internal/registry/remote.go:157.2,157.29 1 2
noso/internal/registry/runtime.go:12.95,28.2 7 1
noso/internal/registry/runtime.go:30.96,45.2 6 1
noso/internal/registry/runtime.go:47.91,62.2 6 2
noso/internal/registry/runtime.go:64.95,79.2 6 1
noso/internal/registry/runtime.go:81.93,84.95 3 1
noso/internal/registry/runtime.go:84.95,85.23 1 1
noso/internal/registry/runtime.go:85.23,87.4 1 1
noso/internal/registry/runtime.go:88.3,88.23 1 1
noso/internal/registry/runtime.go:88.23,90.4 1 0
noso/internal/registry/runtime.go:92.2,104.22 5 1
noso/internal/registry/runtime.go:107.96,110.98 3 1
noso/internal/registry/runtime.go:110.98,113.3 2 1
noso/internal/registry/runtime.go:114.2,126.22 5 1
noso/internal/registry/runtime.go:129.51,131.9 2 6
noso/internal/registry/runtime.go:132.46,133.18 1 1
noso/internal/registry/runtime.go:134.46,135.18 1 5
noso/internal/registry/runtime.go:136.10,137.18 1 0
noso/internal/registry/runtime.go:141.104,142.49 1 1
noso/internal/registry/runtime.go:142.49,144.3 1 1
noso/internal/registry/security.go:12.79,26.2 5 1
noso/internal/registry/security.go:28.81,42.2 5 1
noso/internal/registry/security.go:44.81,58.2 5 1
noso/internal/registry/security.go:60.81,74.2 5 1
noso/internal/registry/security.go:76.93,91.2 6 1
noso/internal/registry/security.go:93.50,95.59 2 1
noso/internal/registry/security.go:95.59,96.52 1 1
noso/internal/registry/security.go:96.52,98.23 2 1
noso/internal/registry/security.go:98.23,100.5 1 1
noso/internal/registry/security.go:103.2,103.21 1 0
noso/internal/registry/terraform.go:9.84,23.2 5 1
noso/internal/registry/terraform.go:25.85,39.2 5 1
noso/internal/registry/terraform.go:41.85,55.2 5 1
noso/internal/registry/terraform.go:57.81,71.2 5 1
noso/internal/registry/terraform.go:73.90,87.2 5 1
noso/internal/registry/terraform.go:89.86,103.2 5 1
noso/internal/cli/app.go:68.91,78.20 9 15
noso/internal/cli/app.go:78.20,81.3 2 1
noso/internal/cli/app.go:83.2,83.39 1 15
noso/internal/cli/app.go:83.39,84.35 1 0
noso/internal/cli/app.go:84.35,86.4 1 0
noso/internal/cli/app.go:87.3,87.24 1 0
noso/internal/cli/app.go:90.2,91.16 2 15
noso/internal/cli/app.go:91.16,93.3 1 0
noso/internal/cli/app.go:95.2,96.16 2 15
noso/internal/cli/app.go:96.16,98.3 1 0
noso/internal/cli/app.go:100.2,100.11 1 15
noso/internal/cli/app.go:100.11,103.3 1 0
noso/internal/cli/app.go:105.2,109.20 4 15
noso/internal/cli/app.go:109.20,112.3 2 1
noso/internal/cli/app.go:114.2,114.17 1 14
noso/internal/cli/app.go:115.13,116.18 1 0
noso/internal/cli/app.go:117.13,119.23 2 0
noso/internal/cli/app.go:119.23,121.4 1 0
noso/internal/cli/app.go:122.3,123.21 2 0
noso/internal/cli/app.go:124.16,127.23 3 1
noso/internal/cli/app.go:127.23,129.4 1 0
noso/internal/cli/app.go:130.3,131.21 2 1
noso/internal/cli/app.go:132.17,133.67 1 2
noso/internal/cli/app.go:134.17,135.51 1 1
noso/internal/cli/app.go:136.17,138.21 2 1
noso/internal/cli/app.go:139.20,140.49 1 3
noso/internal/cli/app.go:141.19,142.71 1 1
noso/internal/cli/app.go:145.2,145.20 1 5
noso/internal/cli/app.go:145.20,147.3 1 0
noso/internal/cli/app.go:149.2,150.32 2 5
noso/internal/cli/app.go:150.32,152.3 1 1
noso/internal/cli/app.go:154.2,155.16 2 4
noso/internal/cli/app.go:155.16,157.3 1 0
noso/internal/cli/app.go:159.2,159.65 1 4
noso/internal/cli/app.go:159.65,161.3 1 0
noso/internal/cli/app.go:163.2,164.46 2 4
noso/internal/cli/app.go:164.46,166.3 1 2
noso/internal/cli/app.go:168.2,169.16 2 4
noso/internal/cli/app.go:169.16,171.3 1 0
noso/internal/cli/app.go:173.2,174.22 2 4
noso/internal/cli/app.go:177.121,185.39 7 2
noso/internal/cli/app.go:185.39,186.35 1 0
noso/internal/cli/app.go:186.35,188.4 1 0
noso/internal/cli/app.go:189.3,189.24 1 0
noso/internal/cli/app.go:192.2,193.16 2 2
noso/internal/cli/app.go:193.16,195.3 1 0
noso/internal/cli/app.go:196.2,199.16 3 2
noso/internal/cli/app.go:199.16,201.3 1 0
noso/internal/cli/app.go:202.2,203.20 2 2
noso/internal/cli/app.go:206.100,218.39 11 1
noso/internal/cli/app.go:218.39,219.35 1 0
noso/internal/cli/app.go:219.35,221.4 1 0
noso/internal/cli/app.go:222.3,222.24 1 0
noso/internal/cli/app.go:225.2,226.16 2 1
noso/internal/cli/app.go:226.16,228.3 1 0
noso/internal/cli/app.go:229.2,233.16 4 1
noso/internal/cli/app.go:233.16,235.3 1 0
noso/internal/cli/app.go:236.2,236.22 1 1
noso/internal/cli/app.go:236.22,238.75 1 1
noso/internal/cli/app.go:238.75,240.4 1 0
noso/internal/cli/app.go:242.2,243.20 2 1
noso/internal/cli/app.go:246.121,254.39 7 1
noso/internal/cli/app.go:254.39,255.35 1 0
noso/internal/cli/app.go:255.35,257.4 1 0
noso/internal/cli/app.go:258.3,258.24 1 0
noso/internal/cli/app.go:260.2,260.38 1 1
noso/internal/cli/app.go:260.38,262.3 1 0
noso/internal/cli/app.go:264.2,264.36 1 1
noso/internal/cli/app.go:264.36,266.17 2 1
noso/internal/cli/app.go:266.17,268.4 1 0
noso/internal/cli/app.go:269.3,269.32 1 1
noso/internal/cli/app.go:269.32,271.4 1 0
noso/internal/cli/app.go:272.3,272.23 1 1
noso/internal/cli/app.go:273.8,273.39 1 0
noso/internal/cli/app.go:273.39,275.3 1 0
noso/internal/cli/app.go:277.2,278.16 2 1
noso/internal/cli/app.go:278.16,280.3 1 0
noso/internal/cli/app.go:282.2,283.16 2 1
noso/internal/cli/app.go:283.16,285.3 1 0
noso/internal/cli/app.go:286.2,287.20 2 1
noso/internal/cli/app.go:290.84,291.20 1 3
noso/internal/cli/app.go:291.20,294.3 2 0
noso/internal/cli/app.go:295.2,295.17 1 3
noso/internal/cli/app.go:296.14,297.37 1 1
noso/internal/cli/app.go:298.13,299.36 1 1
noso/internal/cli/app.go:300.14,301.37 1 0
noso/internal/cli/app.go:302.10,304.24 2 1
noso/internal/cli/app.go:306.2,306.20 1 2
